2024-08-07 04:12:01,866 - INFO - tasks - tasks.py - Executing command: cd /home/andrey/auto-subs-webapp/auto_subs/media/subtitles/ && whisper /home/andrey/auto-subs-webapp/auto_subs/media/videos/2024/08/07/test.mp4 --model tiny --language en
2024-08-07 04:12:10,304 - INFO - tasks - tasks.py - Command executed successfully
2024-08-07 04:13:46,795 - INFO - tasks - tasks.py - Executing command: cd /home/andrey/auto-subs-webapp/auto_subs/media/subtitles/ && whisper /home/andrey/auto-subs-webapp/auto_subs/media/ --model 1 --language en
2024-08-07 04:13:48,444 - INFO - tasks - tasks.py - Command executed successfully
2024-08-07 04:19:36,672 - INFO - tasks - tasks.py - Executing command: cd /home/andrey/auto-subs-webapp/auto_subs/media/subtitles/ && whisper /home/andrey/auto-subs-webapp/auto_subs/media/ --model ru --language en
2024-08-07 04:19:38,328 - INFO - tasks - tasks.py - Command executed successfully
2024-08-07 04:20:10,690 - INFO - tasks - tasks.py - Executing command: cd /home/andrey/auto-subs-webapp/auto_subs/media/subtitles/ && whisper /home/andrey/auto-subs-webapp/auto_subs/media/ --model ru --language en
2024-08-07 04:20:12,368 - INFO - tasks - tasks.py - Command executed successfully
2024-08-07 04:32:57,806 - INFO - tasks - tasks.py - Executing command: cd /home/andrey/auto-subs-webapp/auto_subs/media/subtitles/ && whisper /home/andrey/auto-subs-webapp/auto_subs/media/videos/2024/08/07/test_pQb8f1p.mp4 --model tiny --language en
2024-08-07 04:33:06,136 - INFO - tasks - tasks.py - Command executed successfully
2024-08-07 04:44:06,177 - INFO - tasks - tasks.py - Executing command: cd /home/andrey/auto-subs-webapp/auto_subs/media/subtitles/ && whisper /home/andrey/auto-subs-webapp/auto_subs/media/videos/2024/08/07/test_WkF3slM.mp4 --model tiny --language en
2024-08-07 04:44:14,560 - INFO - tasks - tasks.py - Command executed successfully
2024-08-07 04:46:24,973 - INFO - tasks - tasks.py - Executing command: cd /home/andrey/auto-subs-webapp/auto_subs/media/subtitles/ && whisper /home/andrey/auto-subs-webapp/auto_subs/media/videos/2024/08/07/test_YMW5FDR.mp4 --model tiny --language en
2024-08-07 04:46:33,307 - INFO - tasks - tasks.py - Command executed successfully
2024-08-07 04:49:28,385 - INFO - tasks - tasks.py - Executing command: cd /home/andrey/auto-subs-webapp/auto_subs/media/subtitles/ && whisper /home/andrey/auto-subs-webapp/auto_subs/media/videos/2024/08/07/test_LRf5BLA.mp4 --model tiny --language en
2024-08-07 04:49:36,933 - INFO - tasks - tasks.py - Command executed successfully
2024-08-07 07:24:16,895 - INFO - tasks - tasks.py - Executing command: cd /mnt/g/auto-subs-webapp/auto_subs/media/subtitles/ && whisper G:\auto-subs-webapp\auto_subs/media/videos/2024/08/06/test3_oLmT4Ou.mp4 --model tiny --language en
2024-08-07 07:24:16,898 - INFO - tasks - tasks.py - Executing command: cd /mnt/g/auto-subs-webapp/auto_subs/media/subtitles/ && whisper G:\auto-subs-webapp\auto_subs/media/videos/2024/08/06/test3_Kw3Qrrs.mp4 --model tiny --language en
2024-08-07 07:24:39,696 - INFO - tasks - tasks.py - Command executed successfully
2024-08-07 07:24:39,723 - INFO - tasks - tasks.py - Executing command: cd /mnt/g/auto-subs-webapp/auto_subs/media/subtitles/ && whisper G:\auto-subs-webapp\auto_subs/media/videos/2024/08/06/test3_qcsPJcx.mp4 --model tiny --language en
2024-08-07 07:24:44,839 - INFO - tasks - tasks.py - Command executed successfully
2024-08-07 07:24:44,859 - INFO - tasks - tasks.py - Executing command: cd /mnt/g/auto-subs-webapp/auto_subs/media/subtitles/ && whisper G:\auto-subs-webapp\auto_subs/media/videos/2024/08/06/test3_iI5Px7E.mp4 --model tiny --language en
2024-08-07 07:24:54,481 - INFO - tasks - tasks.py - Command executed successfully
2024-08-07 07:25:00,151 - INFO - tasks - tasks.py - Command executed successfully
2024-08-07 07:26:22,579 - INFO - tasks - tasks.py - Executing command: cd /mnt/g/auto-subs-webapp/auto_subs/media/subtitles/ && whisper /mnt/g/auto-subs-webapp/auto_subs/media/videos/2024/08/07/test3.mp4 --model tiny --language en
2024-08-07 07:26:36,789 - INFO - tasks - tasks.py - Command executed successfully
2024-08-07 07:28:36,520 - INFO - tasks - tasks.py - Executing command: cd /mnt/g/auto-subs-webapp/auto_subs/media/subtitles/ && whisper /mnt/g/auto-subs-webapp/auto_subs/media/videos/2024/08/07/test3_BuWyVDG.mp4 --model tiny --language en
2024-08-07 07:28:50,866 - INFO - tasks - tasks.py - Command executed successfully
2024-08-07 07:30:39,051 - INFO - tasks - tasks.py - Executing command: cd /mnt/g/auto-subs-webapp/auto_subs/media/subtitles/ && whisper /mnt/g/auto-subs-webapp/auto_subs/media/videos/2024/08/07/test3_kr3JBfl.mp4 --model tiny --language en
2024-08-07 07:31:09,825 - INFO - tasks - tasks.py - Command executed successfully
2024-08-07 07:32:21,239 - INFO - tasks - tasks.py - Executing command: cd /mnt/g/auto-subs-webapp/auto_subs/media/subtitles/ && whisper /mnt/g/auto-subs-webapp/auto_subs/media/videos/2024/08/07/test3_T8vXNUU.mp4 --model tiny --language en
2024-08-07 07:32:49,449 - INFO - tasks - tasks.py - Command executed successfully
2024-08-07 07:35:35,713 - INFO - tasks - tasks.py - Executing command: cd /mnt/g/auto-subs-webapp/auto_subs/media/subtitles/ && whisper /mnt/g/auto-subs-webapp/auto_subs/media/videos/2024/08/07/test3_qtGhV5q.mp4 --model tiny --language en
2024-08-07 07:36:04,210 - INFO - tasks - tasks.py - Command executed successfully
2024-08-07 07:40:38,677 - INFO - tasks - tasks.py - Executing command: cd /mnt/g/auto-subs-webapp/auto_subs/media/subtitles/ && whisper /mnt/g/auto-subs-webapp/auto_subs/media/videos/2024/08/07/test3_zVqmrOa.mp4 --model tiny --language en
2024-08-07 07:41:09,946 - INFO - tasks - tasks.py - Command executed successfully
2024-08-07 19:22:45,413 - INFO - tasks - tasks.py - Executing command: cd /mnt/d/auto-subs-for-video-webapp/auto_subs/media/subtitles/ && whisper /mnt/d/auto-subs-for-video-webapp/auto_subs/media/videos/2024/08/07/test3.mp4 --model tiny --language en
2024-08-07 19:25:32,482 - INFO - tasks - tasks.py - Command executed successfully
2024-08-26 21:12:36,736 - INFO - tasks - tasks.py - Executing command: cd /home/andrey/auto-subs-webapp/auto_subs/media/subtitles/ && whisper /home/andrey/auto-subs-webapp/auto_subs/media/videos/2024/08/26/test.mp4 --model tiny --language en
2024-08-26 21:12:48,244 - INFO - tasks - tasks.py - Command executed successfully
2024-08-26 21:17:18,544 - INFO - tasks - tasks.py - Executing command: cd /home/andrey/auto-subs-webapp/auto_subs/media/subtitles/ && whisper /home/andrey/auto-subs-webapp/auto_subs/media/videos/2024/08/26/test_KqSJHO6.mp4 --model tiny --language en
2024-08-26 21:17:24,468 - INFO - tasks - tasks.py - Command executed successfully
2024-08-26 21:19:52,869 - INFO - tasks - tasks.py - Executing command: cd /home/andrey/auto-subs-webapp/auto_subs/media/subtitles/ && whisper /home/andrey/auto-subs-webapp/auto_subs/media/videos/2024/08/26/test_guksONl.mp4 --model tiny --language en
2024-08-26 21:19:58,723 - INFO - tasks - tasks.py - Command executed successfully
2024-08-26 21:21:58,565 - INFO - tasks - tasks.py - Executing command: cd /home/andrey/auto-subs-webapp/auto_subs/media/subtitles/ && whisper /home/andrey/auto-subs-webapp/auto_subs/media/videos/2024/08/26/test_Vi2gIdX.mp4 --model tiny --language en
2024-08-26 21:22:04,085 - INFO - tasks - tasks.py - Command executed successfully
2024-08-26 21:22:20,440 - INFO - tasks - tasks.py - Executing command: cd /home/andrey/auto-subs-webapp/auto_subs/media/subtitles/ && whisper /home/andrey/auto-subs-webapp/auto_subs/media/videos/2024/08/26/test_5hAbfH2.mp4 --model tiny --language en
2024-08-26 21:22:26,104 - INFO - tasks - tasks.py - Command executed successfully
2024-08-26 21:22:26,130 - INFO - tasks - tasks.py - Executing command: cd /home/andrey/auto-subs-webapp/auto_subs/media/subtitles/ && whisper /home/andrey/auto-subs-webapp/auto_subs/media/videos/2024/08/26/test_BDNuRqC.mp4 --model tiny --language en
2024-08-26 21:22:31,684 - INFO - tasks - tasks.py - Command executed successfully
2024-08-26 21:25:14,133 - INFO - tasks - tasks.py - Executing command: cd /home/andrey/auto-subs-webapp/auto_subs/media/subtitles/ && whisper /home/andrey/auto-subs-webapp/auto_subs/media/videos/2024/08/26/test_HwOZ6WX.mp4 --model tiny --language en
2024-08-26 21:25:19,655 - INFO - tasks - tasks.py - Command executed successfully
2024-08-26 21:26:04,642 - INFO - tasks - tasks.py - Executing command: cd /home/andrey/auto-subs-webapp/auto_subs/media/subtitles/ && whisper /home/andrey/auto-subs-webapp/auto_subs/media/videos/2024/08/26/test_OndGFTA.mp4 --model tiny --language en
2024-08-26 21:26:10,230 - INFO - tasks - tasks.py - Command executed successfully
2024-08-26 22:32:01,285 - INFO - tasks - tasks.py - Executing command: cd /home/andrey/auto-subs-webapp/auto_subs/media/subtitles/ && whisper /home/andrey/auto-subs-webapp/auto_subs/media/videos/2024/08/26/test_1LkCS4k.mp4 --model tiny --language en
2024-08-26 22:32:07,263 - INFO - tasks - tasks.py - Command executed successfully
2024-08-26 22:34:09,784 - INFO - tasks - tasks.py - Executing command: cd /home/andrey/auto-subs-webapp/auto_subs/media/subtitles/ && whisper /home/andrey/auto-subs-webapp/auto_subs/media/videos/2024/08/26/test_qTTvEEv.mp4 --model tiny --language en
2024-08-26 22:34:15,674 - INFO - tasks - tasks.py - Command executed successfully
2024-08-26 22:35:05,742 - INFO - tasks - tasks.py - Executing command: cd /home/andrey/auto-subs-webapp/auto_subs/media/subtitles/ && whisper /home/andrey/auto-subs-webapp/auto_subs/media/videos/2024/08/26/test_qLguZxG.mp4 --model tiny --language en
2024-08-26 22:35:11,493 - INFO - tasks - tasks.py - Command executed successfully
2024-08-26 22:36:15,795 - INFO - tasks - tasks.py - Executing command: cd /home/andrey/auto-subs-webapp/auto_subs/media/subtitles/ && whisper /home/andrey/auto-subs-webapp/auto_subs/media/videos/2024/08/26/test_saWMbQb.mp4 --model tiny --language en
2024-08-26 22:36:21,559 - INFO - tasks - tasks.py - Command executed successfully
2024-08-26 22:38:01,660 - INFO - tasks - tasks.py - Executing command: cd /home/andrey/auto-subs-webapp/auto_subs/media/subtitles/ && whisper /home/andrey/auto-subs-webapp/auto_subs/media/videos/2024/08/26/test_pQKknQ2.mp4 --model tiny --language en
2024-08-26 22:38:07,318 - INFO - tasks - tasks.py - Command executed successfully
2024-08-26 22:40:48,544 - INFO - tasks - tasks.py - Executing command: cd /home/andrey/auto-subs-webapp/auto_subs/media/subtitles/ && whisper /home/andrey/auto-subs-webapp/auto_subs/media/videos/2024/08/26/test.mp4 --model tiny --language en
2024-08-26 22:40:54,284 - INFO - tasks - tasks.py - Command executed successfully
2024-08-26 23:18:24,642 - INFO - tasks - tasks.py - Executing command: cd /home/andrey/auto-subs-webapp/auto_subs/media/subtitles/ && whisper /home/andrey/auto-subs-webapp/auto_subs/media/videos/2024/08/26/test_AbPMqeb.mp4 --model tiny --language en
2024-08-26 23:18:30,512 - INFO - tasks - tasks.py - Command executed successfully
2024-08-26 23:18:38,162 - INFO - tasks - tasks.py - Executing command: cd /home/andrey/auto-subs-webapp/auto_subs/media/subtitles/ && whisper /home/andrey/auto-subs-webapp/auto_subs/media/videos/2024/08/26/test_COD6qbu.mp4 --model tiny --language en
2024-08-26 23:18:44,572 - INFO - tasks - tasks.py - Command executed successfully
2024-08-26 23:18:50,364 - INFO - tasks - tasks.py - Executing command: cd /home/andrey/auto-subs-webapp/auto_subs/media/subtitles/ && whisper /home/andrey/auto-subs-webapp/auto_subs/media/videos/2024/08/26/test_Q4Ty68b.mp4 --model tiny --language en
2024-08-26 23:18:57,010 - INFO - tasks - tasks.py - Command executed successfully
2024-08-27 01:03:30,918 - INFO - tasks - tasks.py - Executing command: cd /home/andrey/auto-subs-webapp/auto_subs/media/subtitles/ && whisper /home/andrey/auto-subs-webapp/auto_subs/media/videos/2024/08/27/test.mp4 --model tiny --language en
2024-08-27 01:03:36,937 - INFO - tasks - tasks.py - Command executed successfully
